Determining if the function sgemm_ exists failed with the following output:
Change Dir: /home/jlew/git/zed-examples/object detection/birds eye viewer/cpp/build/CMakeFiles/CMakeTmp

Run Build Command(s):/usr/bin/make cmTC_695ad/fast && /usr/bin/make -f CMakeFiles/cmTC_695ad.dir/build.make CMakeFiles/cmTC_695ad.dir/build
make[1]: Entering directory '/home/jlew/git/zed-examples/object detection/birds eye viewer/cpp/build/CMakeFiles/CMakeTmp'
Building C object CMakeFiles/cmTC_695ad.dir/CheckFunctionExists.c.o
/usr/bin/cc   -DCHECK_FUNCTION_EXISTS=sgemm_   -o CMakeFiles/cmTC_695ad.dir/CheckFunctionExists.c.o   -c /usr/share/cmake-3.16/Modules/CheckFunctionExists.c
Linking C executable cmTC_695ad
/usr/bin/cmake -E cmake_link_script CMakeFiles/cmTC_695ad.dir/link.txt --verbose=1
/usr/bin/cc  -DCHECK_FUNCTION_EXISTS=sgemm_    -rdynamic CMakeFiles/cmTC_695ad.dir/CheckFunctionExists.c.o  -o cmTC_695ad 
/usr/bin/ld: CMakeFiles/cmTC_695ad.dir/CheckFunctionExists.c.o: in function `main':
CheckFunctionExists.c:(.text+0x14): undefined reference to `sgemm_'
collect2: error: ld returned 1 exit status
make[1]: *** [CMakeFiles/cmTC_695ad.dir/build.make:87: cmTC_695ad] Error 1
make[1]: Leaving directory '/home/jlew/git/zed-examples/object detection/birds eye viewer/cpp/build/CMakeFiles/CMakeTmp'
make: *** [Makefile:121: cmTC_695ad/fast] Error 2



Performing C SOURCE FILE Test CMAKE_HAVE_LIBC_PTHREAD failed with the following output:
Change Dir: /home/jlew/git/zed-examples/object detection/birds eye viewer/cpp/build/CMakeFiles/CMakeTmp

Run Build Command(s):/usr/bin/make cmTC_ac9a7/fast && /usr/bin/make -f CMakeFiles/cmTC_ac9a7.dir/build.make CMakeFiles/cmTC_ac9a7.dir/build
make[1]: Entering directory '/home/jlew/git/zed-examples/object detection/birds eye viewer/cpp/build/CMakeFiles/CMakeTmp'
Building C object CMakeFiles/cmTC_ac9a7.dir/src.c.o
/usr/bin/cc   -DCMAKE_HAVE_LIBC_PTHREAD   -o CMakeFiles/cmTC_ac9a7.dir/src.c.o   -c "/home/jlew/git/zed-examples/object detection/birds eye viewer/cpp/build/CMakeFiles/CMakeTmp/src.c"
Linking C executable cmTC_ac9a7
/usr/bin/cmake -E cmake_link_script CMakeFiles/cmTC_ac9a7.dir/link.txt --verbose=1
/usr/bin/cc  -DCMAKE_HAVE_LIBC_PTHREAD    -rdynamic CMakeFiles/cmTC_ac9a7.dir/src.c.o  -o cmTC_ac9a7 
/usr/bin/ld: CMakeFiles/cmTC_ac9a7.dir/src.c.o: in function `main':
src.c:(.text+0x46): undefined reference to `pthread_create'
/usr/bin/ld: src.c:(.text+0x52): undefined reference to `pthread_detach'
/usr/bin/ld: src.c:(.text+0x63): undefined reference to `pthread_join'
collect2: error: ld returned 1 exit status
make[1]: *** [CMakeFiles/cmTC_ac9a7.dir/build.make:87: cmTC_ac9a7] Error 1
make[1]: Leaving directory '/home/jlew/git/zed-examples/object detection/birds eye viewer/cpp/build/CMakeFiles/CMakeTmp'
make: *** [Makefile:121: cmTC_ac9a7/fast] Error 2


Source file was:
#include <pthread.h>

void* test_func(void* data)
{
  return data;
}

int main(void)
{
  pthread_t thread;
  pthread_create(&thread, NULL, test_func, NULL);
  pthread_detach(thread);
  pthread_join(thread, NULL);
  pthread_atfork(NULL, NULL, NULL);
  pthread_exit(NULL);

  return 0;
}

Determining if the function pthread_create exists in the pthreads failed with the following output:
Change Dir: /home/jlew/git/zed-examples/object detection/birds eye viewer/cpp/build/CMakeFiles/CMakeTmp

Run Build Command(s):/usr/bin/make cmTC_ce901/fast && /usr/bin/make -f CMakeFiles/cmTC_ce901.dir/build.make CMakeFiles/cmTC_ce901.dir/build
make[1]: Entering directory '/home/jlew/git/zed-examples/object detection/birds eye viewer/cpp/build/CMakeFiles/CMakeTmp'
Building C object CMakeFiles/cmTC_ce901.dir/CheckFunctionExists.c.o
/usr/bin/cc   -DCHECK_FUNCTION_EXISTS=pthread_create   -o CMakeFiles/cmTC_ce901.dir/CheckFunctionExists.c.o   -c /usr/share/cmake-3.16/Modules/CheckFunctionExists.c
Linking C executable cmTC_ce901
/usr/bin/cmake -E cmake_link_script CMakeFiles/cmTC_ce901.dir/link.txt --verbose=1
/usr/bin/cc  -DCHECK_FUNCTION_EXISTS=pthread_create    -rdynamic CMakeFiles/cmTC_ce901.dir/CheckFunctionExists.c.o  -o cmTC_ce901  -lpthreads 
/usr/bin/ld: cannot find -lpthreads
collect2: error: ld returned 1 exit status
make[1]: *** [CMakeFiles/cmTC_ce901.dir/build.make:87: cmTC_ce901] Error 1
make[1]: Leaving directory '/home/jlew/git/zed-examples/object detection/birds eye viewer/cpp/build/CMakeFiles/CMakeTmp'
make: *** [Makefile:121: cmTC_ce901/fast] Error 2



