Determining if the pthread_create exist failed with the following output:
Change Dir: /home/jae/git/zed-examples/depth sensing/cpp/build/CMakeFiles/CMakeTmp

Run Build Command:"/usr/bin/make" "cmTC_d42d0/fast"
/usr/bin/make -f CMakeFiles/cmTC_d42d0.dir/build.make CMakeFiles/cmTC_d42d0.dir/build
make[1]: Entering directory '/home/jae/git/zed-examples/depth sensing/cpp/build/CMakeFiles/CMakeTmp'
Building C object CMakeFiles/cmTC_d42d0.dir/CheckSymbolExists.c.o
/usr/lib/ccache/cc     -o CMakeFiles/cmTC_d42d0.dir/CheckSymbolExists.c.o   -c "/home/jae/git/zed-examples/depth sensing/cpp/build/CMakeFiles/CMakeTmp/CheckSymbolExists.c"
Linking C executable cmTC_d42d0
/usr/bin/cmake -E cmake_link_script CMakeFiles/cmTC_d42d0.dir/link.txt --verbose=1
/usr/lib/ccache/cc       CMakeFiles/cmTC_d42d0.dir/CheckSymbolExists.c.o  -o cmTC_d42d0 -rdynamic 
CMakeFiles/cmTC_d42d0.dir/CheckSymbolExists.c.o: In function `main':
CheckSymbolExists.c:(.text+0x16): undefined reference to `pthread_create'
collect2: error: ld returned 1 exit status
CMakeFiles/cmTC_d42d0.dir/build.make:97: recipe for target 'cmTC_d42d0' failed
make[1]: *** [cmTC_d42d0] Error 1
make[1]: Leaving directory '/home/jae/git/zed-examples/depth sensing/cpp/build/CMakeFiles/CMakeTmp'
Makefile:126: recipe for target 'cmTC_d42d0/fast' failed
make: *** [cmTC_d42d0/fast] Error 2

File /home/jae/git/zed-examples/depth sensing/cpp/build/CMakeFiles/CMakeTmp/CheckSymbolExists.c:
/* */
#include <pthread.h>

int main(int argc, char** argv)
{
  (void)argv;
#ifndef pthread_create
  return ((int*)(&pthread_create))[argc];
#else
  (void)argc;
  return 0;
#endif
}

Determining if the function pthread_create exists in the pthreads failed with the following output:
Change Dir: /home/jae/git/zed-examples/depth sensing/cpp/build/CMakeFiles/CMakeTmp

Run Build Command:"/usr/bin/make" "cmTC_af809/fast"
/usr/bin/make -f CMakeFiles/cmTC_af809.dir/build.make CMakeFiles/cmTC_af809.dir/build
make[1]: Entering directory '/home/jae/git/zed-examples/depth sensing/cpp/build/CMakeFiles/CMakeTmp'
Building C object CMakeFiles/cmTC_af809.dir/CheckFunctionExists.c.o
/usr/lib/ccache/cc    -DCHECK_FUNCTION_EXISTS=pthread_create   -o CMakeFiles/cmTC_af809.dir/CheckFunctionExists.c.o   -c /usr/share/cmake-3.5/Modules/CheckFunctionExists.c
Linking C executable cmTC_af809
/usr/bin/cmake -E cmake_link_script CMakeFiles/cmTC_af809.dir/link.txt --verbose=1
/usr/lib/ccache/cc   -DCHECK_FUNCTION_EXISTS=pthread_create    CMakeFiles/cmTC_af809.dir/CheckFunctionExists.c.o  -o cmTC_af809 -rdynamic -lpthreads 
/usr/bin/ld: cannot find -lpthreads
collect2: error: ld returned 1 exit status
CMakeFiles/cmTC_af809.dir/build.make:97: recipe for target 'cmTC_af809' failed
make[1]: *** [cmTC_af809] Error 1
make[1]: Leaving directory '/home/jae/git/zed-examples/depth sensing/cpp/build/CMakeFiles/CMakeTmp'
Makefile:126: recipe for target 'cmTC_af809/fast' failed
make: *** [cmTC_af809/fast] Error 2


