Determining if the pthread_create exist failed with the following output:
Change Dir: /home/jae/git/zed-examples/body tracking/cpp/build/CMakeFiles/CMakeTmp

Run Build Command:"/usr/bin/make" "cmTC_4a336/fast"
/usr/bin/make -f CMakeFiles/cmTC_4a336.dir/build.make CMakeFiles/cmTC_4a336.dir/build
make[1]: Entering directory '/home/jae/git/zed-examples/body tracking/cpp/build/CMakeFiles/CMakeTmp'
Building C object CMakeFiles/cmTC_4a336.dir/CheckSymbolExists.c.o
/usr/lib/ccache/cc     -o CMakeFiles/cmTC_4a336.dir/CheckSymbolExists.c.o   -c "/home/jae/git/zed-examples/body tracking/cpp/build/CMakeFiles/CMakeTmp/CheckSymbolExists.c"
Linking C executable cmTC_4a336
/usr/bin/cmake -E cmake_link_script CMakeFiles/cmTC_4a336.dir/link.txt --verbose=1
/usr/lib/ccache/cc       CMakeFiles/cmTC_4a336.dir/CheckSymbolExists.c.o  -o cmTC_4a336 -rdynamic 
CMakeFiles/cmTC_4a336.dir/CheckSymbolExists.c.o: In function `main':
CheckSymbolExists.c:(.text+0x16): undefined reference to `pthread_create'
collect2: error: ld returned 1 exit status
CMakeFiles/cmTC_4a336.dir/build.make:97: recipe for target 'cmTC_4a336' failed
make[1]: *** [cmTC_4a336] Error 1
make[1]: Leaving directory '/home/jae/git/zed-examples/body tracking/cpp/build/CMakeFiles/CMakeTmp'
Makefile:126: recipe for target 'cmTC_4a336/fast' failed
make: *** [cmTC_4a336/fast] Error 2

File /home/jae/git/zed-examples/body tracking/cpp/build/CMakeFiles/CMakeTmp/CheckSymbolExists.c:
/* */
#include <pthread.h>

int main(int argc, char** argv)
{
  (void)argv;
#ifndef pthread_create
  return ((int*)(&pthread_create))[argc];
#else
  (void)argc;
  return 0;
#endif
}

Determining if the function pthread_create exists in the pthreads failed with the following output:
Change Dir: /home/jae/git/zed-examples/body tracking/cpp/build/CMakeFiles/CMakeTmp

Run Build Command:"/usr/bin/make" "cmTC_70fe3/fast"
/usr/bin/make -f CMakeFiles/cmTC_70fe3.dir/build.make CMakeFiles/cmTC_70fe3.dir/build
make[1]: Entering directory '/home/jae/git/zed-examples/body tracking/cpp/build/CMakeFiles/CMakeTmp'
Building C object CMakeFiles/cmTC_70fe3.dir/CheckFunctionExists.c.o
/usr/lib/ccache/cc    -DCHECK_FUNCTION_EXISTS=pthread_create   -o CMakeFiles/cmTC_70fe3.dir/CheckFunctionExists.c.o   -c /usr/share/cmake-3.5/Modules/CheckFunctionExists.c
Linking C executable cmTC_70fe3
/usr/bin/cmake -E cmake_link_script CMakeFiles/cmTC_70fe3.dir/link.txt --verbose=1
/usr/lib/ccache/cc   -DCHECK_FUNCTION_EXISTS=pthread_create    CMakeFiles/cmTC_70fe3.dir/CheckFunctionExists.c.o  -o cmTC_70fe3 -rdynamic -lpthreads 
/usr/bin/ld: cannot find -lpthreads
collect2: error: ld returned 1 exit status
CMakeFiles/cmTC_70fe3.dir/build.make:97: recipe for target 'cmTC_70fe3' failed
make[1]: *** [cmTC_70fe3] Error 1
make[1]: Leaving directory '/home/jae/git/zed-examples/body tracking/cpp/build/CMakeFiles/CMakeTmp'
Makefile:126: recipe for target 'cmTC_70fe3/fast' failed
make: *** [cmTC_70fe3/fast] Error 2


